[2016-08-26 17:55:49] START
[2016-08-26 18:11:14] EDIT Restaurant/models/db.py: 6
[2016-08-26 18:14:06] EDIT Restaurant/models/db.py: 0
[2016-08-26 18:15:13] EDIT Restaurant/models/db.py: 3
[2016-08-26 18:15:14] EDIT Restaurant/models/db.py: 0
[2016-08-26 18:16:34] EDIT Restaurant/models/db.py: 0
[2016-08-26 18:20:30] EDIT Restaurant/models/db.py: 0
[2016-08-26 18:21:16] EDIT Restaurant/models/db.py: 0
[2016-08-26 18:21:17] EDIT Restaurant/models/db.py: 0
[2016-08-26 18:21:17] EDIT Restaurant/models/db.py: 0
[2016-08-26 18:23:31] EDIT Restaurant/models/db.py: -5
[2016-08-26 18:25:07] EDIT Restaurant/models/db.py: 0
[2016-08-26 18:25:08] EDIT Restaurant/models/db.py: 0
[2016-08-26 18:25:08] EDIT Restaurant/models/db.py: 0
[2016-08-26 18:25:09] EDIT Restaurant/models/db.py: 0
[2016-08-26 18:25:09] EDIT Restaurant/models/db.py: 0
[2016-08-26 18:25:09] EDIT Restaurant/models/db.py: 0
[2016-08-26 18:27:21] EDIT Restaurant/models/db.py: 0
[2016-08-26 18:27:21] EDIT Restaurant/models/db.py: 0
[2016-08-26 18:27:22] EDIT Restaurant/models/db.py: 0
[2016-08-26 18:27:38] EDIT Restaurant/models/db.py: 0
[2016-08-26 18:27:39] EDIT Restaurant/models/db.py: 0
[2016-08-26 18:27:40] EDIT Restaurant/models/db.py: 0
[2016-08-26 18:30:21] EDIT Restaurant/models/db.py: 0
[2016-08-26 18:30:21] EDIT Restaurant/models/db.py: 0
[2016-08-26 18:30:22] EDIT Restaurant/models/db.py: 0
[2016-08-26 18:34:44] EDIT Restaurant/models/db.py: 0
[2016-08-26 18:34:44] EDIT Restaurant/models/db.py: 0
[2016-08-26 18:34:57] EDIT Restaurant/models/db.py: 0
[2016-08-26 18:39:51] EDIT Restaurant/controllers/default.py: -32
[2016-08-26 18:46:54] EDIT Restaurant/models/db.py: 0
[2016-08-26 18:48:02] EDIT Restaurant/models/db.py: 0
[2016-08-26 18:50:22] EDIT Restaurant/controllers/default.py: 1
[2016-08-26 18:50:36] EDIT Restaurant/controllers/default.py: 1
[2016-08-26 19:13:48] EDIT Restaurant/models/db.py: -1
[2016-08-26 19:13:49] EDIT Restaurant/models/db.py: 0
[2016-08-26 19:32:52] EDIT Restaurant/controllers/default.py: 1
[2016-08-26 19:33:13] EDIT Restaurant/controllers/default.py: 0
[2016-08-26 19:33:14] EDIT Restaurant/controllers/default.py: 0
[2016-08-26 19:33:44] EDIT Restaurant/controllers/default.py: 0
[2016-08-26 19:35:07] EDIT Restaurant/controllers/default.py: 0
[2016-08-26 19:35:08] EDIT Restaurant/controllers/default.py: 0
[2016-08-26 19:35:16] EDIT Restaurant/controllers/default.py: 0
[2016-08-26 19:35:18] EDIT Restaurant/controllers/default.py: 0
[2016-08-26 19:35:24] EDIT Restaurant/controllers/default.py: 0
[2016-08-26 19:35:44] EDIT Restaurant/controllers/default.py: 0
[2016-08-26 19:35:47] EDIT Restaurant/controllers/default.py: 0
[2016-08-26 19:35:53] EDIT Restaurant/controllers/default.py: 0
[2016-08-26 19:35:57] EDIT Restaurant/controllers/default.py: 0
[2016-08-26 19:35:59] EDIT Restaurant/controllers/default.py: 0
[2016-08-26 19:36:30] EDIT Restaurant/controllers/default.py: 0
[2016-08-26 19:37:05] EDIT Restaurant/controllers/default.py: 0
[2016-08-26 19:37:35] EDIT Restaurant/controllers/default.py: 0
[2016-08-26 19:37:36] EDIT Restaurant/controllers/default.py: 0
[2016-08-26 19:38:45] EDIT Restaurant/controllers/default.py: 0
[2016-08-26 19:38:46] EDIT Restaurant/controllers/default.py: 0
[2016-08-26 19:38:47] EDIT Restaurant/controllers/default.py: 0
[2016-08-26 19:38:47] EDIT Restaurant/controllers/default.py: 0
[2016-08-26 19:41:23] EDIT Restaurant/controllers/default.py: 3
[2016-08-26 19:41:39] EDIT Restaurant/controllers/default.py: 0
[2016-08-26 19:41:39] EDIT Restaurant/controllers/default.py: 0
[2016-08-26 19:42:18] CREATE default/register.html: 0
[2016-08-26 19:43:32] EDIT Restaurant/views/default/register.html: 6
[2016-08-26 19:45:23] EDIT Restaurant/controllers/default.py: 0
[2016-08-26 19:48:16] EDIT Restaurant/controllers/default.py: 0
[2016-08-26 19:48:39] EDIT Restaurant/controllers/default.py: 0
[2016-08-26 19:48:40] EDIT Restaurant/controllers/default.py: 0
[2016-08-26 19:48:51] EDIT Restaurant/controllers/default.py: 0
[2016-08-26 19:48:52] EDIT Restaurant/controllers/default.py: 0
[2016-08-26 19:49:50] EDIT Restaurant/controllers/default.py: 0
[2016-08-26 19:49:51] EDIT Restaurant/controllers/default.py: 0
[2016-08-26 22:25:17] EDIT Restaurant/controllers/default.py: 0
[2016-08-26 22:25:18] EDIT Restaurant/controllers/default.py: 0
[2016-08-26 22:26:05] EDIT Restaurant/controllers/default.py: 0
[2016-08-26 22:26:53] EDIT Restaurant/controllers/default.py: 0
[2016-08-26 22:27:47] EDIT Restaurant/controllers/default.py: 0
[2016-08-26 22:27:48] EDIT Restaurant/controllers/default.py: 0
[2016-08-26 22:34:57] EDIT Restaurant/controllers/default.py: 13
[2016-08-26 22:35:09] EDIT Restaurant/controllers/default.py: 0
[2016-08-26 22:37:32] EDIT Restaurant/controllers/default.py: 0
[2016-08-26 22:37:48] EDIT Restaurant/controllers/default.py: -1
[2016-08-26 22:38:04] EDIT Restaurant/controllers/default.py: 0
[2016-08-26 22:38:43] EDIT Restaurant/controllers/default.py: 0
[2016-08-26 22:39:25] EDIT Restaurant/controllers/default.py: 0
[2016-08-26 22:40:33] EDIT Restaurant/controllers/default.py: 0
[2016-08-26 22:40:34] EDIT Restaurant/controllers/default.py: 0
[2016-08-26 22:40:35] EDIT Restaurant/controllers/default.py: 0
[2016-08-26 22:42:15] EDIT Restaurant/controllers/default.py: 0
[2016-08-26 22:42:15] EDIT Restaurant/controllers/default.py: 0
[2016-08-26 22:43:09] EDIT Restaurant/controllers/default.py: 0
[2016-08-26 22:48:43] EDIT Restaurant/controllers/default.py: 0
[2016-08-26 22:48:44] EDIT Restaurant/controllers/default.py: 0
[2016-08-27 09:31:13] EDIT Restaurant/views/default/register.html: 0
[2016-08-27 09:31:14] EDIT Restaurant/views/default/register.html: 0
[2016-08-27 09:41:51] EDIT Restaurant/views/default/register.html: -1
[2016-08-27 09:42:28] EDIT Restaurant/views/default/index.html: -48
[2016-08-27 09:42:53] EDIT Restaurant/views/default/index.html: 0
[2016-08-27 09:44:43] EDIT Restaurant/controllers/default.py: 11
[2016-08-27 09:48:20] EDIT Restaurant/controllers/default.py: 0
[2016-08-27 09:48:53] EDIT Restaurant/controllers/default.py: -5
[2016-08-27 09:48:54] EDIT Restaurant/controllers/default.py: 0
[2016-08-27 09:48:54] EDIT Restaurant/controllers/default.py: 0
[2016-08-27 09:48:59] EDIT Restaurant/controllers/default.py: 0
[2016-08-27 09:48:59] EDIT Restaurant/controllers/default.py: 0
[2016-08-27 09:53:01] EDIT Restaurant/controllers/default.py: 0
[2016-08-27 09:53:13] EDIT Restaurant/controllers/default.py: 0
[2016-08-27 09:53:41] EDIT Restaurant/controllers/default.py: 0
[2016-08-27 09:53:42] EDIT Restaurant/controllers/default.py: 0
[2016-08-27 09:53:43] EDIT Restaurant/controllers/default.py: 0
[2016-08-27 09:54:05] EDIT Restaurant/controllers/default.py: 0
[2016-08-27 09:54:06] EDIT Restaurant/controllers/default.py: 0
[2016-08-27 09:54:07] EDIT Restaurant/controllers/default.py: 0
[2016-08-27 09:54:07] EDIT Restaurant/controllers/default.py: 0
[2016-08-27 09:54:08] EDIT Restaurant/controllers/default.py: 0
[2016-08-27 09:54:23] EDIT Restaurant/controllers/default.py: 0
[2016-08-27 09:59:28] EDIT Restaurant/controllers/default.py: 4
[2016-08-27 10:00:01] EDIT Restaurant/controllers/default.py: 0
[2016-08-27 10:00:57] EDIT Restaurant/controllers/default.py: 2
[2016-08-27 10:00:57] EDIT Restaurant/controllers/default.py: 0
[2016-08-27 10:01:25] EDIT Restaurant/controllers/default.py: 1
[2016-08-27 10:05:19] EDIT Restaurant/controllers/default.py: 2
[2016-08-27 10:06:02] EDIT Restaurant/controllers/default.py: 2
[2016-08-27 10:06:45] CREATE default/login.html: 0
[2016-08-27 10:07:43] EDIT Restaurant/views/default/login.html: 5
[2016-08-27 10:07:44] EDIT Restaurant/views/default/login.html: 0
[2016-08-27 10:09:08] EDIT Restaurant/controllers/default.py: 0
[2016-08-27 10:09:08] EDIT Restaurant/controllers/default.py: 0
[2016-08-27 10:10:25] EDIT Restaurant/views/default/register.html: 0
[2016-08-27 10:10:26] EDIT Restaurant/views/default/register.html: 0
[2016-08-27 10:11:09] EDIT Restaurant/views/default/register.html: 0
[2016-08-27 10:11:16] EDIT Restaurant/views/default/login.html: 0
[2016-08-27 10:12:15] EDIT Restaurant/views/default/register.html: 0
[2016-08-27 10:13:48] EDIT Restaurant/controllers/default.py: 0
[2016-08-27 10:13:56] EDIT Restaurant/views/default/login.html: 0
[2016-08-27 10:13:57] EDIT Restaurant/views/default/login.html: 0
[2016-08-27 10:13:57] EDIT Restaurant/views/default/login.html: 0
[2016-08-27 10:16:29] EDIT Restaurant/controllers/default.py: 0
[2016-08-27 10:18:19] EDIT Restaurant/controllers/default.py: 0
[2016-08-27 10:18:36] EDIT Restaurant/controllers/default.py: 0
[2016-08-27 10:18:51] EDIT Restaurant/controllers/default.py: 0
[2016-08-27 10:19:27] EDIT Restaurant/views/default/register.html: 0
[2016-08-27 10:19:58] EDIT Restaurant/controllers/default.py: 0
[2016-08-27 10:19:58] EDIT Restaurant/controllers/default.py: 0
[2016-08-27 10:19:59] EDIT Restaurant/controllers/default.py: 0
[2016-08-27 10:19:59] EDIT Restaurant/controllers/default.py: 0
[2016-08-27 15:15:23] CREATE default/menu.html: 0
[2016-08-27 15:15:37] EDIT Restaurant/views/default/menu.html: -2
[2016-08-28 09:31:45] EDIT Restaurant/controllers/default.py: -10
[2016-08-28 09:31:46] EDIT Restaurant/controllers/default.py: 0
[2016-08-28 09:41:40] EDIT Restaurant/views/default/menu.html: 6
[2016-08-28 09:42:04] EDIT Restaurant/views/default/menu.html: 3
[2016-08-28 09:43:36] EDIT Restaurant/controllers/default.py: 2
[2016-08-28 09:44:44] EDIT Restaurant/controllers/default.py: 1
[2016-08-28 09:46:33] EDIT Restaurant/controllers/default.py: 0
[2016-08-28 09:47:04] EDIT Restaurant/views/default/menu.html: 1
[2016-08-28 09:47:47] EDIT Restaurant/controllers/default.py: 0
[2016-08-28 09:49:40] EDIT Restaurant/views/default/menu.html: 4
[2016-08-28 09:49:41] EDIT Restaurant/views/default/menu.html: 0
[2016-08-28 09:49:44] EDIT Restaurant/views/default/menu.html: 0
[2016-08-28 10:01:57] EDIT Restaurant/views/default/menu.html: 3
[2016-08-28 10:01:58] EDIT Restaurant/views/default/menu.html: 0
[2016-08-28 10:04:01] EDIT Restaurant/views/default/menu.html: 2
[2016-08-28 10:04:02] EDIT Restaurant/views/default/menu.html: 0
[2016-08-28 10:06:54] EDIT Restaurant/views/default/menu.html: 4
[2016-08-28 10:06:55] EDIT Restaurant/views/default/menu.html: 0
[2016-08-28 10:06:56] EDIT Restaurant/views/default/menu.html: 0
[2016-08-28 10:21:43] EDIT Restaurant/views/default/menu.html: 0
[2016-08-28 10:22:19] EDIT Restaurant/views/default/menu.html: 0
[2016-08-28 10:22:21] EDIT Restaurant/views/default/menu.html: 0
[2016-08-28 10:24:18] CREATE default/Add_Item.html: 0
[2016-08-28 10:25:14] CREATE default/Delete_Item.html: 0
[2016-08-28 10:25:55] CREATE default/Edit_Item.html: 0
[2016-08-28 10:43:10] EDIT Restaurant/controllers/default.py: 8
[2016-08-28 10:44:33] EDIT Restaurant/controllers/default.py: 0
[2016-08-28 10:45:15] EDIT Restaurant/models/db.py: 0
[2016-08-28 10:49:16] EDIT Restaurant/controllers/default.py: 0
[2016-08-28 10:49:17] EDIT Restaurant/controllers/default.py: 0
[2016-08-28 10:49:43] EDIT Restaurant/controllers/default.py: 0
[2016-08-28 10:49:44] EDIT Restaurant/controllers/default.py: 0
[2016-08-28 10:49:53] EDIT Restaurant/controllers/default.py: 2
[2016-08-28 10:49:55] EDIT Restaurant/controllers/default.py: 0
[2016-08-28 10:50:04] EDIT Restaurant/controllers/default.py: 0
[2016-08-28 10:51:48] EDIT Restaurant/views/default/Add_Item.html: 5
[2016-08-28 10:52:03] EDIT Restaurant/views/default/Add_Item.html: 0
[2016-08-28 10:52:23] EDIT Restaurant/controllers/default.py: 0
[2016-08-28 10:52:32] EDIT Restaurant/views/default/Add_Item.html: 0
[2016-08-28 10:52:33] EDIT Restaurant/views/default/Add_Item.html: 0
[2016-08-28 10:57:36] EDIT Restaurant/controllers/default.py: 0
[2016-08-28 10:58:39] EDIT Restaurant/controllers/default.py: 0
[2016-08-28 10:59:19] EDIT Restaurant/controllers/default.py: 0
[2016-08-28 10:59:29] EDIT Restaurant/controllers/default.py: 0
[2016-08-28 10:59:29] EDIT Restaurant/controllers/default.py: 0
[2016-08-28 11:02:44] EDIT Restaurant/controllers/default.py: 0
[2016-08-28 11:06:33] EDIT Restaurant/controllers/default.py: 1
[2016-08-28 11:06:34] EDIT Restaurant/controllers/default.py: 0
[2016-08-28 11:07:26] EDIT Restaurant/controllers/default.py: 1
[2016-08-28 11:07:26] EDIT Restaurant/controllers/default.py: 0
[2016-08-28 11:07:27] EDIT Restaurant/controllers/default.py: 0
[2016-08-28 11:10:48] EDIT Restaurant/controllers/default.py: 0
[2016-08-28 11:10:48] EDIT Restaurant/controllers/default.py: 0
[2016-08-28 11:10:49] EDIT Restaurant/controllers/default.py: 0
[2016-08-28 11:10:49] EDIT Restaurant/controllers/default.py: 0
[2016-08-28 11:10:57] EDIT Restaurant/controllers/default.py: 0
[2016-08-28 11:15:15] EDIT Restaurant/controllers/default.py: 0
[2016-08-28 11:15:16] EDIT Restaurant/controllers/default.py: 0
[2016-08-28 11:16:26] EDIT Restaurant/controllers/default.py: 1
[2016-08-28 11:21:08] EDIT Restaurant/controllers/default.py: 0
[2016-08-28 11:21:14] EDIT Restaurant/controllers/default.py: 0
[2016-08-28 11:21:14] EDIT Restaurant/controllers/default.py: 0
[2016-08-28 11:21:34] EDIT Restaurant/controllers/default.py: 0
[2016-08-28 11:21:35] EDIT Restaurant/controllers/default.py: 0
[2016-08-28 11:21:35] EDIT Restaurant/controllers/default.py: 0
[2016-08-28 11:21:36] EDIT Restaurant/controllers/default.py: 0
[2016-08-28 11:22:57] EDIT Restaurant/controllers/default.py: 0
[2016-08-28 11:23:29] EDIT Restaurant/controllers/default.py: 0
[2016-08-28 11:25:16] EDIT Restaurant/models/db.py: 0
[2016-08-28 11:25:18] EDIT Restaurant/models/db.py: 0
[2016-08-28 11:25:51] EDIT Restaurant/models/db.py: 0
[2016-08-28 11:26:06] EDIT Restaurant/models/db.py: 0
[2016-08-28 11:26:38] EDIT Restaurant/controllers/default.py: 0
[2016-08-28 11:26:42] EDIT Restaurant/controllers/default.py: 0
[2016-08-28 11:26:43] EDIT Restaurant/controllers/default.py: 0
[2016-08-28 11:27:18] EDIT Restaurant/models/db.py: 0
[2016-08-28 11:27:19] EDIT Restaurant/models/db.py: 0
[2016-08-28 11:28:26] EDIT Restaurant/controllers/default.py: 0
[2016-08-28 11:28:27] EDIT Restaurant/controllers/default.py: 0
[2016-08-28 11:29:28] EDIT Restaurant/controllers/default.py: 0
[2016-08-28 11:29:29] EDIT Restaurant/controllers/default.py: 0
[2016-08-28 11:29:29] EDIT Restaurant/controllers/default.py: 0
[2016-08-28 11:29:30] EDIT Restaurant/controllers/default.py: 0
[2016-08-28 11:29:30] EDIT Restaurant/controllers/default.py: 0
[2016-08-28 11:30:40] EDIT Restaurant/controllers/default.py: 0
[2016-08-28 11:30:41] EDIT Restaurant/controllers/default.py: 0
[2016-08-28 11:32:07] EDIT Restaurant/controllers/default.py: 0
[2016-08-28 11:32:08] EDIT Restaurant/controllers/default.py: 0
[2016-08-28 11:32:08] EDIT Restaurant/controllers/default.py: 0
[2016-08-28 11:33:58] EDIT Restaurant/controllers/default.py: 0
[2016-08-28 11:34:00] EDIT Restaurant/controllers/default.py: 0
[2016-08-28 11:43:35] EDIT Restaurant/controllers/default.py: 13
[2016-08-28 11:43:36] EDIT Restaurant/controllers/default.py: 0
[2016-08-28 11:45:59] EDIT Restaurant/controllers/default.py: 0
[2016-08-28 11:45:59] EDIT Restaurant/controllers/default.py: 0
[2016-08-28 11:46:00] EDIT Restaurant/controllers/default.py: 0
[2016-08-28 11:46:01] EDIT Restaurant/controllers/default.py: 0
[2016-08-28 11:46:11] EDIT Restaurant/controllers/default.py: 0
[2016-08-28 11:46:12] EDIT Restaurant/controllers/default.py: 0
[2016-08-28 11:46:12] EDIT Restaurant/controllers/default.py: 0
[2016-08-28 11:46:44] EDIT Restaurant/controllers/default.py: 0
[2016-08-28 11:47:01] EDIT Restaurant/controllers/default.py: 0
[2016-08-28 11:47:01] EDIT Restaurant/controllers/default.py: 0
[2016-08-28 11:47:13] EDIT Restaurant/controllers/default.py: 0
[2016-08-28 11:47:14] EDIT Restaurant/controllers/default.py: 0
[2016-08-28 11:47:14] EDIT Restaurant/controllers/default.py: 0
[2016-08-28 12:34:27] EDIT Restaurant/controllers/default.py: 0
[2016-08-28 12:34:27] EDIT Restaurant/controllers/default.py: 0
[2016-08-28 12:34:28] EDIT Restaurant/controllers/default.py: 0
[2016-08-28 12:35:58] EDIT Restaurant/controllers/default.py: 0
[2016-08-28 12:35:58] EDIT Restaurant/controllers/default.py: 0
[2016-08-28 12:40:17] EDIT Restaurant/models/db.py: 0
[2016-08-28 12:40:18] EDIT Restaurant/models/db.py: 0
[2016-08-28 12:40:19] EDIT Restaurant/models/db.py: 0
[2016-08-28 12:40:20] EDIT Restaurant/models/db.py: 0
[2016-08-28 12:40:20] EDIT Restaurant/models/db.py: 0
[2016-08-28 12:40:21] EDIT Restaurant/models/db.py: 0
[2016-08-28 12:40:22] EDIT Restaurant/models/db.py: 0
[2016-08-28 12:40:22] EDIT Restaurant/models/db.py: 0
[2016-08-28 12:40:23] EDIT Restaurant/models/db.py: 0
[2016-08-28 12:40:33] EDIT Restaurant/models/db.py: 0
[2016-08-28 12:40:34] EDIT Restaurant/models/db.py: 0
[2016-08-28 12:40:35] EDIT Restaurant/models/db.py: 0
[2016-08-28 12:42:17] EDIT Restaurant/controllers/default.py: 0
[2016-08-28 12:43:02] EDIT Restaurant/controllers/default.py: 0
[2016-08-28 12:43:03] EDIT Restaurant/controllers/default.py: 0
[2016-08-28 12:50:02] EDIT Restaurant/controllers/default.py: 3
[2016-08-28 12:50:02] EDIT Restaurant/controllers/default.py: 0
[2016-08-28 12:50:10] EDIT Restaurant/controllers/default.py: 0
[2016-08-28 12:50:10] EDIT Restaurant/controllers/default.py: 0
[2016-08-28 12:52:08] EDIT Restaurant/controllers/default.py: 5
[2016-08-28 12:52:26] EDIT Restaurant/controllers/default.py: 1
[2016-08-28 12:52:27] EDIT Restaurant/controllers/default.py: 0
[2016-08-28 12:52:27] EDIT Restaurant/controllers/default.py: 0
[2016-08-28 12:52:28] EDIT Restaurant/controllers/default.py: 0
[2016-08-28 12:52:53] EDIT Restaurant/controllers/default.py: 0
[2016-08-28 12:52:57] EDIT Restaurant/controllers/default.py: 0
[2016-08-28 12:52:58] EDIT Restaurant/controllers/default.py: 0
[2016-08-28 12:52:59] EDIT Restaurant/controllers/default.py: 0
[2016-08-28 12:52:59] EDIT Restaurant/controllers/default.py: 0
[2016-08-28 12:53:56] EDIT Restaurant/controllers/default.py: 0
[2016-08-28 12:53:56] EDIT Restaurant/controllers/default.py: 0
[2016-08-28 12:54:52] EDIT Restaurant/controllers/default.py: 0
[2016-08-28 12:55:31] EDIT Restaurant/views/default/Edit_Item.html: 5
[2016-08-28 12:55:31] EDIT Restaurant/views/default/Edit_Item.html: 0
[2016-08-28 12:57:40] EDIT Restaurant/views/default/Edit_Item.html: 0
[2016-08-28 12:57:40] EDIT Restaurant/views/default/Edit_Item.html: 0
[2016-08-28 12:57:41] EDIT Restaurant/views/default/Edit_Item.html: 0
[2016-08-28 12:58:55] EDIT Restaurant/controllers/default.py: 0
[2016-08-28 12:59:37] EDIT Restaurant/controllers/default.py: 0
[2016-08-28 12:59:38] EDIT Restaurant/controllers/default.py: 0
[2016-08-28 13:10:47] EDIT Restaurant/controllers/default.py: 18
[2016-08-28 13:11:13] EDIT Restaurant/views/default/Delete_Item.html: 5
[2016-08-28 13:11:13] EDIT Restaurant/views/default/Delete_Item.html: 0
[2016-08-28 13:13:10] EDIT Restaurant/controllers/default.py: -15
[2016-08-28 13:13:11] EDIT Restaurant/controllers/default.py: 0
[2016-08-28 13:16:23] EDIT Restaurant/controllers/default.py: 0
[2016-08-28 13:16:36] EDIT Restaurant/views/default/menu.html: 0
[2016-08-28 13:16:44] EDIT Restaurant/views/default/menu.html: 0
[2016-08-28 13:16:45] EDIT Restaurant/views/default/menu.html: 0
[2016-08-28 13:17:38] EDIT Restaurant/views/default/menu.html: 0
[2016-08-28 13:17:38] EDIT Restaurant/views/default/menu.html: 0
[2016-08-28 13:25:29] EDIT Restaurant/controllers/default.py: 1
[2016-08-28 13:25:30] EDIT Restaurant/controllers/default.py: 0
[2016-08-28 13:25:34] EDIT Restaurant/controllers/default.py: 0
[2016-08-28 13:25:35] EDIT Restaurant/controllers/default.py: 0
[2016-08-28 13:25:42] EDIT Restaurant/controllers/default.py: 0
[2016-08-28 13:25:42] EDIT Restaurant/controllers/default.py: 0
[2016-08-28 13:27:06] EDIT Restaurant/controllers/default.py: 0
[2016-08-28 13:27:34] EDIT Restaurant/controllers/default.py: -1
[2016-08-28 13:27:34] EDIT Restaurant/controllers/default.py: 0
[2016-08-28 13:27:53] EDIT Restaurant/controllers/default.py: 0
[2016-08-28 13:28:36] EDIT Restaurant/controllers/default.py: 1
[2016-08-28 13:28:53] EDIT Restaurant/controllers/default.py: 0
[2016-08-28 13:29:04] EDIT Restaurant/controllers/default.py: 0
[2016-08-28 13:29:08] EDIT Restaurant/controllers/default.py: 0
[2016-08-28 13:29:29] EDIT Restaurant/controllers/default.py: 0
[2016-08-28 13:30:18] EDIT Restaurant/views/default/login.html: 1
[2016-08-28 13:30:23] EDIT Restaurant/views/default/login.html: 0
[2016-08-28 13:30:50] EDIT Restaurant/views/default/login.html: 0
[2016-08-28 13:31:13] EDIT Restaurant/controllers/default.py: 0
[2016-08-28 13:31:13] EDIT Restaurant/controllers/default.py: 0
[2016-08-28 13:31:35] EDIT Restaurant/controllers/default.py: 0
[2016-08-28 13:31:35] EDIT Restaurant/controllers/default.py: 0
[2016-08-28 13:31:40] EDIT Restaurant/controllers/default.py: 0
[2016-08-28 13:32:24] EDIT Restaurant/controllers/default.py: 0
[2016-08-28 13:32:25] EDIT Restaurant/controllers/default.py: 0
[2016-08-28 13:32:26] EDIT Restaurant/controllers/default.py: 0
[2016-08-28 13:32:35] EDIT Restaurant/views/default/login.html: -1
[2016-08-28 13:32:35] EDIT Restaurant/views/default/login.html: 0
[2016-08-28 13:33:51] EDIT Restaurant/controllers/default.py: 0
[2016-08-28 13:34:01] EDIT Restaurant/controllers/default.py: 0
[2016-08-28 13:34:42] EDIT Restaurant/views/default/login.html: 0
[2016-08-28 13:34:54] EDIT Restaurant/views/default/login.html: 1
[2016-08-28 13:36:31] EDIT Restaurant/controllers/default.py: 0
[2016-08-28 13:36:46] EDIT Restaurant/controllers/default.py: 0
[2016-08-28 13:37:18] EDIT Restaurant/controllers/default.py: 1
[2016-08-28 13:37:18] EDIT Restaurant/controllers/default.py: 0
[2016-08-28 13:37:19] EDIT Restaurant/controllers/default.py: 0
[2016-08-28 13:37:29] EDIT Restaurant/controllers/default.py: 0
[2016-08-28 13:37:46] EDIT Restaurant/controllers/default.py: 0
[2016-08-28 14:28:33] EDIT Restaurant/views/default/index.html: 3
[2016-08-28 14:28:34] EDIT Restaurant/views/default/index.html: 0
[2016-08-28 14:29:08] EDIT Restaurant/controllers/default.py: 1
[2016-08-28 14:35:19] EDIT Restaurant/views/default/index.html: 6
[2016-08-28 14:35:33] EDIT Restaurant/views/default/index.html: 2
[2016-08-28 14:35:51] EDIT Restaurant/views/default/index.html: 1
[2016-08-28 14:35:56] EDIT Restaurant/views/default/index.html: 0
[2016-08-28 14:36:46] EDIT Restaurant/views/default/index.html: 0
[2016-08-28 14:36:47] EDIT Restaurant/views/default/index.html: 0
[2016-08-28 14:38:05] EDIT Restaurant/views/default/index.html: 4
[2016-08-28 14:38:06] EDIT Restaurant/views/default/index.html: 0
[2016-08-28 14:38:06] EDIT Restaurant/views/default/index.html: 0
[2016-08-28 14:38:07] EDIT Restaurant/views/default/index.html: 0
[2016-08-28 14:39:07] EDIT Restaurant/views/default/menu.html: 0
[2016-08-28 14:39:08] EDIT Restaurant/views/default/menu.html: 0
[2016-08-28 14:42:49] EDIT Restaurant/views/default/index.html: 0
[2016-08-28 14:43:10] EDIT Restaurant/controllers/default.py: -1
[2016-08-28 14:43:11] EDIT Restaurant/controllers/default.py: 0
[2016-08-28 14:43:12] EDIT Restaurant/controllers/default.py: 0
[2016-08-28 14:43:13] EDIT Restaurant/controllers/default.py: 0
[2016-08-28 14:44:00] EDIT Restaurant/views/default/index.html: 1
[2016-08-28 14:44:02] EDIT Restaurant/views/default/index.html: 0
[2016-08-28 14:44:10] EDIT Restaurant/views/default/index.html: 0
[2016-08-28 14:44:11] EDIT Restaurant/views/default/index.html: 0
[2016-08-28 14:44:21] EDIT Restaurant/views/default/index.html: 0
[2016-08-28 14:44:21] EDIT Restaurant/views/default/index.html: 0
[2016-08-28 14:44:28] EDIT Restaurant/views/default/index.html: 0
[2016-08-28 14:44:50] EDIT Restaurant/views/default/index.html: 0
[2016-08-28 14:45:10] EDIT Restaurant/views/default/index.html: 0
[2016-08-28 14:46:06] EDIT Restaurant/views/default/index.html: 0
[2016-08-28 14:46:09] EDIT Restaurant/views/default/index.html: 0
[2016-08-28 14:46:30] EDIT Restaurant/views/default/index.html: 1
[2016-08-28 14:46:46] EDIT Restaurant/views/default/index.html: 0
[2016-08-28 14:47:07] EDIT Restaurant/views/default/index.html: -1
[2016-08-28 14:47:11] EDIT Restaurant/views/default/index.html: 1
[2016-08-28 14:47:34] EDIT Restaurant/views/default/index.html: -1
[2016-08-28 14:47:34] EDIT Restaurant/views/default/index.html: 0
[2016-08-28 14:47:35] EDIT Restaurant/views/default/index.html: 0
[2016-08-28 14:47:35] EDIT Restaurant/views/default/index.html: 0
[2016-08-28 14:47:38] EDIT Restaurant/views/default/index.html: 0
[2016-08-28 14:47:54] EDIT Restaurant/views/default/index.html: 1
[2016-08-28 14:48:21] EDIT Restaurant/views/default/index.html: 0
[2016-08-28 14:49:14] EDIT Restaurant/views/default/index.html: 0
[2016-08-28 14:49:23] EDIT Restaurant/views/default/index.html: 0
[2016-08-28 14:49:24] EDIT Restaurant/views/default/index.html: 0
[2016-08-28 14:49:25] EDIT Restaurant/views/default/index.html: 0
[2016-08-28 14:49:25] EDIT Restaurant/views/default/index.html: 0
[2016-08-28 14:49:36] EDIT Restaurant/views/default/index.html: 0
[2016-08-28 14:49:38] EDIT Restaurant/views/default/index.html: 0
[2016-08-28 14:50:45] EDIT Restaurant/views/default/index.html: 0
[2016-08-28 14:50:45] EDIT Restaurant/views/default/index.html: 0
[2016-08-28 14:50:46] EDIT Restaurant/views/default/index.html: 0
[2016-08-28 15:08:55] EDIT Restaurant/views/default/index.html: -1
[2016-08-28 15:08:56] EDIT Restaurant/views/default/index.html: 0
[2016-08-28 15:09:37] EDIT Restaurant/views/default/index.html: 0
[2016-08-28 15:09:38] EDIT Restaurant/views/default/index.html: 0
[2016-08-28 15:12:00] EDIT Restaurant/controllers/default.py: 0
[2016-08-28 15:12:01] EDIT Restaurant/controllers/default.py: 0
[2016-08-28 15:12:01] EDIT Restaurant/controllers/default.py: 0
[2016-08-28 15:12:02] EDIT Restaurant/controllers/default.py: 0
[2016-08-28 16:02:03] EDIT Restaurant/views/default/Add_Item.html: 0
[2016-08-28 16:05:28] EDIT Restaurant/controllers/default.py: 2
[2016-08-28 16:05:29] EDIT Restaurant/controllers/default.py: 0
[2016-08-28 16:06:13] EDIT Restaurant/controllers/default.py: 0
[2016-08-28 16:06:47] EDIT Restaurant/controllers/default.py: 0
[2016-08-28 16:06:47] EDIT Restaurant/controllers/default.py: 0
[2016-08-28 16:07:00] EDIT Restaurant/controllers/default.py: 0
[2016-08-28 16:07:00] EDIT Restaurant/controllers/default.py: 0
[2016-08-28 16:07:20] EDIT Restaurant/views/default/index.html: 1
[2016-08-28 16:08:15] EDIT Restaurant/views/default/index.html: 1
[2016-08-28 16:08:16] EDIT Restaurant/views/default/index.html: 0
[2016-08-28 16:08:16] EDIT Restaurant/views/default/index.html: 0
[2016-08-28 16:15:53] EDIT Restaurant/views/default/index.html: -1
[2016-08-28 16:16:17] EDIT Restaurant/views/default/index.html: 0
[2016-08-28 16:16:18] EDIT Restaurant/views/default/index.html: 0
[2016-08-28 16:16:19] EDIT Restaurant/views/default/index.html: 0
[2016-08-28 16:16:20] EDIT Restaurant/views/default/index.html: 0
[2016-08-28 16:16:20] EDIT Restaurant/views/default/index.html: 0
[2016-08-28 16:16:20] EDIT Restaurant/views/default/index.html: 0
[2016-08-28 16:16:20] EDIT Restaurant/views/default/index.html: 0
[2016-08-28 16:16:52] EDIT Restaurant/views/default/index.html: 0
[2016-08-28 16:17:03] EDIT Restaurant/views/default/index.html: 0
[2016-08-28 16:19:37] EDIT Restaurant/views/default/index.html: 1
[2016-08-28 16:19:37] EDIT Restaurant/views/default/index.html: 0
[2016-08-28 16:19:42] EDIT Restaurant/views/default/index.html: 0
[2016-08-28 16:22:49] EDIT Restaurant/controllers/default.py: 2
[2016-08-28 16:22:50] EDIT Restaurant/controllers/default.py: 0
[2016-08-28 16:23:08] EDIT Restaurant/views/default/index.html: 0
[2016-08-28 16:23:41] EDIT Restaurant/views/default/index.html: -1
[2016-08-28 16:23:43] EDIT Restaurant/views/default/index.html: 0
[2016-08-28 16:23:49] EDIT Restaurant/views/default/index.html: 0
[2016-08-28 16:24:32] EDIT Restaurant/views/default/index.html: 0
[2016-08-28 16:24:54] EDIT Restaurant/views/default/index.html: 0
[2016-08-28 16:30:06] EDIT Restaurant/views/default/index.html: 2
[2016-08-28 16:30:07] EDIT Restaurant/views/default/index.html: 0
[2016-08-28 16:30:31] EDIT Restaurant/views/default/index.html: 0
[2016-08-28 16:32:23] EDIT Restaurant/controllers/default.py: -1
[2016-08-28 16:32:24] EDIT Restaurant/controllers/default.py: 0
[2016-08-28 16:35:20] EDIT Restaurant/views/default/index.html: 0
[2016-08-28 16:36:49] EDIT Restaurant/views/default/index.html: 0
[2016-08-28 16:36:50] EDIT Restaurant/views/default/index.html: 0
[2016-08-28 16:37:04] EDIT Restaurant/views/default/index.html: 0
[2016-08-28 16:37:38] EDIT Restaurant/controllers/default.py: 0
[2016-08-28 16:37:39] EDIT Restaurant/controllers/default.py: 0
[2016-08-28 16:38:14] EDIT Restaurant/views/default/index.html: 0
[2016-08-28 16:39:14] EDIT Restaurant/views/default/index.html: 1
[2016-08-28 16:39:15] EDIT Restaurant/views/default/index.html: 0
[2016-08-28 16:39:47] EDIT Restaurant/views/default/index.html: -1
[2016-08-28 16:40:07] EDIT Restaurant/views/default/index.html: 1
[2016-08-28 16:40:15] EDIT Restaurant/views/default/index.html: 0
[2016-08-28 16:42:00] EDIT Restaurant/views/default/index.html: 7
[2016-08-28 16:43:06] EDIT Restaurant/views/default/index.html: 7
[2016-08-28 16:43:06] EDIT Restaurant/views/default/index.html: 0
[2016-08-28 16:43:08] EDIT Restaurant/views/default/index.html: 0
[2016-08-28 16:43:27] EDIT Restaurant/views/default/index.html: 0
[2016-08-28 16:43:28] EDIT Restaurant/views/default/index.html: 0
[2016-08-28 16:43:49] EDIT Restaurant/views/default/index.html: -7
[2016-08-28 16:43:50] EDIT Restaurant/views/default/index.html: 1
[2016-08-28 16:43:54] EDIT Restaurant/views/default/index.html: 0
[2016-08-28 16:47:14] EDIT Restaurant/controllers/default.py: 7
[2016-08-28 16:47:35] CREATE default/search.html: 0
[2016-08-28 16:48:20] EDIT Restaurant/views/default/search.html: 13
[2016-08-28 16:49:29] EDIT Restaurant/views/default/index.html: -1
[2016-08-28 16:58:43] EDIT Restaurant/views/default/index.html: 6
[2016-08-28 17:01:19] EDIT Restaurant/controllers/default.py: 0
[2016-08-28 17:02:12] EDIT Restaurant/controllers/default.py: 3
[2016-08-28 17:02:31] EDIT Restaurant/controllers/default.py: 1
[2016-08-28 17:04:48] EDIT Restaurant/controllers/default.py: 0
[2016-08-28 17:08:31] EDIT Restaurant/views/default/search.html: 0
[2016-08-28 17:09:07] EDIT Restaurant/views/default/search.html: 3
[2016-08-28 17:09:08] EDIT Restaurant/views/default/search.html: 0
[2016-08-28 17:09:29] EDIT Restaurant/controllers/default.py: 0
[2016-08-28 17:10:13] EDIT Restaurant/controllers/default.py: 0
[2016-08-28 17:10:42] EDIT Restaurant/views/default/search.html: 0
[2016-08-28 17:11:01] EDIT Restaurant/views/default/search.html: 0
[2016-08-28 17:11:50] EDIT Restaurant/views/default/search.html: -1
[2016-08-28 17:14:00] EDIT Restaurant/views/default/index.html: 0
[2016-08-28 17:14:01] EDIT Restaurant/views/default/index.html: 0
[2016-08-28 17:14:07] EDIT Restaurant/views/default/index.html: 0
[2016-08-28 17:20:07] EDIT Restaurant/views/default/index.html: 0
[2016-08-28 17:20:08] EDIT Restaurant/views/default/index.html: 0
[2016-08-28 17:20:35] EDIT Restaurant/views/default/index.html: 0
[2016-08-28 17:20:36] EDIT Restaurant/views/default/index.html: 0
[2016-08-28 17:20:43] EDIT Restaurant/views/default/index.html: 0
[2016-08-28 17:20:52] EDIT Restaurant/views/default/index.html: 0
[2016-08-28 17:20:52] EDIT Restaurant/views/default/index.html: 0
[2016-08-28 17:22:30] EDIT Restaurant/views/default/index.html: 0
[2016-08-28 17:22:31] EDIT Restaurant/views/default/index.html: 0
[2016-08-28 17:23:51] EDIT Restaurant/views/default/search.html: 1
[2016-08-28 17:23:57] EDIT Restaurant/views/default/search.html: 0
[2016-08-28 17:26:56] EDIT Restaurant/views/default/index.html: -7
[2016-08-28 17:29:01] EDIT Restaurant/views/default/index.html: 8
[2016-08-28 17:29:08] EDIT Restaurant/views/default/index.html: 0
[2016-08-28 17:29:12] EDIT Restaurant/views/default/index.html: 0
[2016-08-28 17:30:18] EDIT Restaurant/controllers/default.py: 0
[2016-08-28 17:31:21] EDIT Restaurant/controllers/default.py: 0
[2016-08-28 17:33:35] EDIT Restaurant/controllers/default.py: 0
[2016-08-28 17:33:56] DELETE Restaurant/views/default/search.html: -19
[2016-08-28 17:36:09] EDIT Restaurant/views/default/index.html: 0
[2016-08-28 17:38:39] EDIT Restaurant/controllers/default.py: 0
[2016-08-28 17:38:49] EDIT Restaurant/views/default/index.html: 0
[2016-08-28 17:39:36] EDIT Restaurant/views/default/index.html: 0
[2016-08-28 17:39:51] EDIT Restaurant/views/default/index.html: -4
[2016-08-28 17:39:53] EDIT Restaurant/views/default/index.html: 0
[2016-08-28 17:40:54] EDIT Restaurant/views/default/index.html: 4
[2016-08-28 17:41:08] EDIT Restaurant/views/default/index.html: 0
[2016-08-28 17:41:22] EDIT Restaurant/views/default/index.html: 1
[2016-08-28 17:45:22] EDIT Restaurant/views/default/index.html: 0
[2016-08-28 17:45:28] EDIT Restaurant/views/default/index.html: 0
[2016-08-28 18:00:01] EDIT Restaurant/controllers/default.py: 0
[2016-08-28 18:00:12] EDIT Restaurant/controllers/default.py: 0
[2016-08-28 18:00:13] EDIT Restaurant/controllers/default.py: 0
[2016-08-28 18:02:09] EDIT Restaurant/controllers/default.py: 0
[2016-08-28 18:06:27] EDIT Restaurant/controllers/default.py: 0
[2016-08-28 18:18:07] EDIT Restaurant/controllers/default.py: 1
[2016-08-28 18:18:17] EDIT Restaurant/controllers/default.py: 0
[2016-08-28 18:18:17] EDIT Restaurant/controllers/default.py: 0
[2016-08-28 18:18:19] EDIT Restaurant/controllers/default.py: 0
[2016-08-28 18:18:40] EDIT Restaurant/controllers/default.py: 0
[2016-08-28 18:18:45] EDIT Restaurant/controllers/default.py: 0
[2016-08-28 18:40:40] EDIT Restaurant/controllers/default.py: 0
[2016-08-29 21:23:09] EDIT Restaurant/controllers/default.py: -1
[2016-08-29 21:23:19] EDIT Restaurant/controllers/default.py: 0
[2016-08-29 21:23:28] EDIT Restaurant/controllers/default.py: 0
[2016-08-29 21:23:34] EDIT Restaurant/controllers/default.py: 0
[2016-08-29 21:25:14] EDIT Restaurant/controllers/default.py: 0
[2016-08-29 21:26:13] EDIT Restaurant/controllers/default.py: 1
[2016-08-29 21:26:37] EDIT Restaurant/views/default/menu.html: 0
[2016-08-29 21:27:20] EDIT Restaurant/controllers/default.py: 0
[2016-08-29 21:27:25] EDIT Restaurant/views/default/menu.html: 0
[2016-08-29 21:27:41] EDIT Restaurant/views/default/menu.html: 0
[2016-08-29 21:30:30] EDIT Restaurant/views/default/menu.html: 0
[2016-08-29 21:31:15] EDIT Restaurant/controllers/default.py: 1
[2016-08-29 21:31:26] EDIT Restaurant/controllers/default.py: 0
[2016-08-29 21:33:19] EDIT Restaurant/views/default/menu.html: 0
[2016-08-29 21:33:23] EDIT Restaurant/views/default/menu.html: 0
[2016-08-29 21:33:52] EDIT Restaurant/views/default/menu.html: 0
[2016-08-29 21:34:59] EDIT Restaurant/views/default/Add_Item.html: 0
[2016-08-29 21:35:06] EDIT Restaurant/views/default/Add_Item.html: 0
[2016-08-29 21:36:57] EDIT Restaurant/views/default/menu.html: 0
[2016-08-29 21:37:25] EDIT Restaurant/views/default/menu.html: 0
[2016-08-29 22:00:47] EDIT Restaurant/views/default/Add_Item.html: 0
[2016-08-29 22:01:15] EDIT Restaurant/views/default/Add_Item.html: 1
[2016-08-29 22:01:46] EDIT Restaurant/controllers/default.py: 0
[2016-08-29 22:03:13] EDIT Restaurant/controllers/default.py: 0
[2016-08-29 22:03:25] EDIT Restaurant/controllers/default.py: 0
[2016-08-29 22:04:28] EDIT Restaurant/controllers/default.py: 0
[2016-08-29 22:05:18] EDIT Restaurant/views/default/menu.html: 0
[2016-08-29 22:05:20] EDIT Restaurant/views/default/menu.html: 0
[2016-08-29 22:06:47] EDIT Restaurant/controllers/default.py: 0
[2016-08-29 22:06:52] EDIT Restaurant/controllers/default.py: 0
[2016-08-29 22:06:53] EDIT Restaurant/controllers/default.py: 0
[2016-08-29 22:09:02] EDIT Restaurant/views/default/Add_Item.html: -1
[2016-08-29 22:09:03] EDIT Restaurant/views/default/Add_Item.html: 0
[2016-08-29 22:09:46] EDIT Restaurant/controllers/default.py: 0
[2016-08-29 22:10:33] EDIT Restaurant/controllers/default.py: 0
[2016-08-29 22:14:31] EDIT Restaurant/controllers/default.py: 1
[2016-08-29 22:14:47] EDIT Restaurant/views/default/Add_Item.html: 0
[2016-08-29 22:15:56] EDIT Restaurant/controllers/default.py: -1
[2016-08-29 22:16:06] EDIT Restaurant/views/default/Add_Item.html: 0
[2016-08-29 22:17:06] EDIT Restaurant/controllers/default.py: 0
[2016-08-29 22:21:59] EDIT Restaurant/controllers/default.py: 0
[2016-08-29 22:22:46] EDIT Restaurant/controllers/default.py: 0
[2016-08-29 22:26:52] EDIT Restaurant/controllers/default.py: 0
[2016-08-29 22:29:58] EDIT Restaurant/controllers/default.py: 0
[2016-08-29 22:30:38] EDIT Restaurant/controllers/default.py: 0
[2016-08-29 22:43:32] EDIT Restaurant/views/default/menu.html: 0
[2016-08-29 22:45:37] EDIT Restaurant/controllers/default.py: -1
[2016-08-29 22:46:22] EDIT Restaurant/views/default/Add_Item.html: 5
[2016-08-29 22:46:27] EDIT Restaurant/views/default/Add_Item.html: 0
[2016-08-29 22:46:27] EDIT Restaurant/views/default/Add_Item.html: 0
[2016-08-29 22:47:01] EDIT Restaurant/views/default/menu.html: 0
[2016-08-29 22:47:30] EDIT Restaurant/controllers/default.py: 1
[2016-08-29 22:47:43] EDIT Restaurant/controllers/default.py: -1
[2016-08-29 22:49:30] EDIT Restaurant/views/default/Add_Item.html: 0
[2016-08-29 22:50:22] EDIT Restaurant/views/default/Add_Item.html: 0
[2016-08-29 22:51:00] EDIT Restaurant/controllers/default.py: 0
[2016-08-29 22:51:03] EDIT Restaurant/controllers/default.py: 0
[2016-08-29 22:51:31] EDIT Restaurant/views/default/Add_Item.html: 0
[2016-08-29 22:52:22] EDIT Restaurant/views/default/menu.html: 0
[2016-08-29 22:52:39] EDIT Restaurant/views/default/menu.html: 0
[2016-08-29 22:53:02] EDIT Restaurant/views/default/menu.html: 1
[2016-08-29 22:53:06] EDIT Restaurant/views/default/menu.html: 1
[2016-08-29 22:53:07] EDIT Restaurant/views/default/menu.html: 0
[2016-08-29 22:53:22] EDIT Restaurant/views/default/menu.html: 0
[2016-08-29 22:54:01] EDIT Restaurant/views/default/menu.html: 0
[2016-08-29 22:54:15] EDIT Restaurant/views/default/menu.html: 0
[2016-08-29 22:54:51] EDIT Restaurant/views/default/menu.html: 0
[2016-08-29 22:55:46] EDIT Restaurant/views/default/Delete_Item.html: 12
[2016-08-29 22:56:10] EDIT Restaurant/views/default/Delete_Item.html: -7
[2016-08-29 22:57:00] EDIT Restaurant/controllers/default.py: 2
[2016-08-29 22:57:14] EDIT Restaurant/controllers/default.py: 0
[2016-08-29 22:57:17] EDIT Restaurant/controllers/default.py: 0
[2016-08-29 22:59:03] EDIT Restaurant/controllers/default.py: 0
[2016-08-29 22:59:11] EDIT Restaurant/controllers/default.py: 0
[2016-08-29 22:59:45] EDIT Restaurant/controllers/default.py: 0
[2016-08-29 23:00:30] EDIT Restaurant/views/default/Delete_Item.html: 1
[2016-08-29 23:00:52] EDIT Restaurant/views/default/Add_Item.html: 1
[2016-08-29 23:01:26] EDIT Restaurant/views/default/Add_Item.html: 0
[2016-08-29 23:02:05] EDIT Restaurant/views/default/Add_Item.html: 0
[2016-08-29 23:02:05] EDIT Restaurant/views/default/Add_Item.html: 0
[2016-08-29 23:04:12] EDIT Restaurant/controllers/default.py: 0
[2016-08-29 23:05:27] EDIT Restaurant/views/default/Delete_Item.html: 0
[2016-08-29 23:05:56] EDIT Restaurant/views/default/Delete_Item.html: 0
[2016-08-29 23:09:07] EDIT Restaurant/controllers/default.py: 0
[2016-08-29 23:09:11] EDIT Restaurant/controllers/default.py: 0
[2016-08-29 23:09:16] EDIT Restaurant/controllers/default.py: 0
[2016-08-29 23:10:03] EDIT Restaurant/controllers/default.py: 0
[2016-08-29 23:10:37] EDIT Restaurant/controllers/default.py: 0
[2016-08-29 23:12:15] EDIT Restaurant/controllers/default.py: -2
[2016-08-29 23:12:18] EDIT Restaurant/controllers/default.py: 0
[2016-08-29 23:12:18] EDIT Restaurant/controllers/default.py: 0
[2016-08-29 23:12:21] EDIT Restaurant/controllers/default.py: 0
[2016-08-29 23:12:23] EDIT Restaurant/controllers/default.py: 0
[2016-08-29 23:14:01] EDIT Restaurant/controllers/default.py: 0
[2016-08-29 23:14:13] EDIT Restaurant/controllers/default.py: 0
[2016-08-29 23:15:06] EDIT Restaurant/controllers/default.py: 0
[2016-08-29 23:16:03] EDIT Restaurant/controllers/default.py: 0
[2016-08-29 23:16:49] EDIT Restaurant/controllers/default.py: 0
[2016-08-29 23:17:04] EDIT Restaurant/controllers/default.py: 0
[2016-08-29 23:18:00] EDIT Restaurant/controllers/default.py: 0
[2016-08-29 23:20:29] EDIT Restaurant/views/default/Delete_Item.html: 0
[2016-08-29 23:23:14] EDIT Restaurant/views/default/Delete_Item.html: 0
[2016-08-29 23:23:26] EDIT Restaurant/views/default/Delete_Item.html: 0
[2016-08-29 23:23:42] EDIT Restaurant/controllers/default.py: 0
[2016-08-29 23:23:51] EDIT Restaurant/controllers/default.py: 0
[2016-08-29 23:23:52] EDIT Restaurant/controllers/default.py: 0
[2016-08-29 23:24:06] EDIT Restaurant/controllers/default.py: 0
[2016-08-29 23:24:07] EDIT Restaurant/controllers/default.py: 0
[2016-08-29 23:24:10] EDIT Restaurant/controllers/default.py: 0
[2016-08-29 23:24:11] EDIT Restaurant/controllers/default.py: 0
[2016-08-29 23:24:11] EDIT Restaurant/controllers/default.py: 0
[2016-08-29 23:24:13] EDIT Restaurant/controllers/default.py: 0
[2016-08-29 23:24:23] EDIT Restaurant/controllers/default.py: 0
[2016-08-29 23:24:28] EDIT Restaurant/controllers/default.py: 0
[2016-08-29 23:24:43] EDIT Restaurant/controllers/default.py: 0
[2016-08-29 23:24:50] EDIT Restaurant/controllers/default.py: 0
[2016-08-29 23:24:55] EDIT Restaurant/controllers/default.py: 0
[2016-08-29 23:25:30] EDIT Restaurant/views/default/Edit_Item.html: 6
[2016-08-29 23:25:39] EDIT Restaurant/views/default/Edit_Item.html: 0
[2016-08-29 23:25:57] EDIT Restaurant/views/default/Edit_Item.html: 0
[2016-08-29 23:28:37] EDIT Restaurant/controllers/default.py: 0
[2016-08-29 23:28:52] EDIT Restaurant/controllers/default.py: 0
[2016-08-29 23:28:53] EDIT Restaurant/controllers/default.py: 0
[2016-08-29 23:32:19] EDIT Restaurant/views/default/Edit_Item.html: 0
[2016-08-29 23:32:19] EDIT Restaurant/views/default/Edit_Item.html: 0
[2016-08-29 23:33:21] EDIT Restaurant/controllers/default.py: 0
[2016-08-29 23:33:22] EDIT Restaurant/controllers/default.py: 0
[2016-08-29 23:33:22] EDIT Restaurant/controllers/default.py: 0
[2016-08-29 23:33:22] EDIT Restaurant/controllers/default.py: 0
[2016-08-29 23:33:22] EDIT Restaurant/controllers/default.py: 0
[2016-08-29 23:33:22] EDIT Restaurant/controllers/default.py: 0
[2016-08-29 23:33:22] EDIT Restaurant/controllers/default.py: 0
[2016-08-29 23:33:22] EDIT Restaurant/controllers/default.py: 0
[2016-08-29 23:33:23] EDIT Restaurant/controllers/default.py: 0
[2016-08-29 23:33:27] EDIT Restaurant/controllers/default.py: 0
[2016-08-29 23:33:27] EDIT Restaurant/controllers/default.py: 0
[2016-08-29 23:33:32] EDIT Restaurant/controllers/default.py: 0
[2016-08-29 23:36:04] EDIT Restaurant/views/default/menu.html: 5
[2016-08-29 23:36:05] EDIT Restaurant/views/default/menu.html: 0
[2016-08-29 23:36:46] EDIT Restaurant/views/default/menu.html: 0
[2016-08-29 23:36:47] EDIT Restaurant/views/default/menu.html: 0
[2016-08-29 23:36:47] EDIT Restaurant/views/default/menu.html: 0
[2016-08-29 23:36:47] EDIT Restaurant/views/default/menu.html: 0
[2016-08-29 23:36:48] EDIT Restaurant/views/default/menu.html: 0
[2016-08-29 23:37:58] EDIT Restaurant/controllers/default.py: 0
[2016-08-29 23:37:58] EDIT Restaurant/controllers/default.py: 0
[2016-08-29 23:40:24] EDIT Restaurant/controllers/default.py: 0
[2016-08-29 23:40:25] EDIT Restaurant/controllers/default.py: 0
[2016-08-29 23:43:48] EDIT Restaurant/views/default/menu.html: 0
[2016-08-29 23:43:49] EDIT Restaurant/views/default/menu.html: 0
[2016-08-29 23:44:17] EDIT Restaurant/views/default/menu.html: 0
[2016-08-29 23:44:24] EDIT Restaurant/views/default/menu.html: 0
[2016-08-29 23:45:12] EDIT Restaurant/views/default/menu.html: 0
[2016-08-29 23:45:12] EDIT Restaurant/views/default/menu.html: 0
[2016-08-29 23:45:14] EDIT Restaurant/views/default/menu.html: 0
[2016-08-29 23:46:01] EDIT Restaurant/views/default/menu.html: 0
[2016-08-29 23:46:24] EDIT Restaurant/views/default/menu.html: 1
[2016-08-29 23:46:53] EDIT Restaurant/views/default/menu.html: 0
[2016-08-29 23:47:51] EDIT Restaurant/views/default/menu.html: 0
[2016-08-29 23:47:51] EDIT Restaurant/views/default/menu.html: 0
[2016-08-29 23:49:03] EDIT Restaurant/views/default/menu.html: 3
[2016-08-29 23:49:52] EDIT Restaurant/views/default/menu.html: 1
[2016-08-29 23:52:21] EDIT Restaurant/views/default/menu.html: 0
[2016-08-29 23:52:21] EDIT Restaurant/views/default/menu.html: 0
[2016-08-29 23:52:22] EDIT Restaurant/views/default/menu.html: 0
[2016-08-29 23:52:23] EDIT Restaurant/views/default/menu.html: 0
[2016-08-29 23:52:23] EDIT Restaurant/views/default/menu.html: 0
[2016-08-29 23:53:43] EDIT Restaurant/views/default/menu.html: 0
[2016-08-29 23:56:33] EDIT Restaurant/views/default/menu.html: 0
[2016-08-29 23:56:58] EDIT Restaurant/views/default/menu.html: 0
[2016-08-29 23:56:59] EDIT Restaurant/views/default/menu.html: 0
[2016-08-29 23:57:22] EDIT Restaurant/views/default/menu.html: -4
[2016-08-29 23:57:31] EDIT Restaurant/views/default/menu.html: 0
[2016-08-29 23:58:01] EDIT Restaurant/controllers/default.py: 0
[2016-08-29 23:58:40] EDIT Restaurant/views/default/menu.html: 0
[2016-08-29 23:58:41] EDIT Restaurant/views/default/menu.html: 0
[2016-08-29 23:58:59] EDIT Restaurant/views/default/menu.html: 0
[2016-08-29 23:59:52] EDIT Restaurant/views/default/menu.html: 0
[2016-08-29 23:59:53] EDIT Restaurant/views/default/menu.html: 0
[2016-08-30 00:02:07] EDIT Restaurant/views/default/menu.html: 0
[2016-08-30 00:02:07] EDIT Restaurant/views/default/menu.html: 0
[2016-08-30 00:02:08] EDIT Restaurant/views/default/menu.html: 0
[2016-08-30 00:02:27] EDIT Restaurant/views/default/menu.html: -2
[2016-08-30 00:02:28] EDIT Restaurant/views/default/menu.html: 0
[2016-08-30 00:02:30] EDIT Restaurant/views/default/menu.html: 0
[2016-08-30 00:02:55] EDIT Restaurant/views/default/menu.html: 2
[2016-08-30 00:03:00] EDIT Restaurant/views/default/menu.html: 0
[2016-08-30 00:03:50] EDIT Restaurant/views/default/menu.html: 2
[2016-08-30 00:08:05] EDIT Restaurant/controllers/default.py: 2
[2016-08-30 00:08:43] EDIT Restaurant/controllers/default.py: 0
[2016-08-30 00:09:05] EDIT Restaurant/controllers/default.py: 0
[2016-08-30 00:09:40] EDIT Restaurant/views/default/register.html: 8
[2016-08-30 00:09:56] EDIT Restaurant/views/default/register.html: 3
[2016-08-30 00:10:04] EDIT Restaurant/views/default/register.html: 0
[2016-08-30 00:12:13] EDIT Restaurant/views/default/index.html: 1
[2016-08-30 00:12:15] EDIT Restaurant/views/default/index.html: 0
[2016-08-30 00:12:22] EDIT Restaurant/controllers/default.py: 0
[2016-08-30 00:13:27] EDIT Restaurant/views/default/index.html: -17
[2016-08-30 00:14:00] EDIT Restaurant/controllers/default.py: 0
[2016-08-30 00:14:36] EDIT Restaurant/views/default/index.html: 0
[2016-08-30 00:15:04] EDIT Restaurant/controllers/default.py: -11
[2016-08-30 00:16:32] EDIT Restaurant/views/default/index.html: -1
[2016-08-30 00:19:03] EDIT Restaurant/views/default/index.html: -1
[2016-08-30 00:29:27] EDIT Restaurant/views/default/index.html: 2
[2016-08-30 00:31:44] EDIT Restaurant/controllers/default.py: 3
[2016-08-30 00:33:13] CREATE default/Menu.html.py: 0
[2016-08-30 00:34:00] EDIT Restaurant/controllers/default.py: 0
[2016-08-30 00:34:10] EDIT Restaurant/controllers/default.py: 0
[2016-08-30 00:34:47] DELETE Restaurant/models/default/Menu.html.py: 0
[2016-08-30 00:35:17] CREATE default/Menu_Item.html: 0
[2016-08-30 00:38:40] EDIT Restaurant/views/default/Menu_Item.html: 8
[2016-08-30 00:38:59] EDIT Restaurant/views/default/Menu_Item.html: 2
[2016-08-30 00:38:59] EDIT Restaurant/views/default/Menu_Item.html: 0
[2016-08-30 00:41:45] EDIT Restaurant/views/default/index.html: 1
[2016-08-30 00:41:58] EDIT Restaurant/views/default/index.html: 1
[2016-08-30 00:41:58] EDIT Restaurant/views/default/index.html: 0
[2016-08-30 00:43:00] EDIT Restaurant/views/default/index.html: 0
[2016-08-30 00:43:06] EDIT Restaurant/views/default/index.html: 0
[2016-08-30 00:44:00] EDIT Restaurant/views/default/Menu_Item.html: 0
[2016-08-30 00:44:56] EDIT Restaurant/views/default/Menu_Item.html: 0
[2016-08-30 00:46:15] EDIT Restaurant/views/default/index.html: 0
[2016-08-30 00:47:11] EDIT Restaurant/views/default/index.html: 0
[2016-08-30 00:47:26] EDIT Restaurant/views/default/index.html: 0
[2016-08-30 00:47:33] EDIT Restaurant/views/default/index.html: 0
[2016-08-30 00:47:38] EDIT Restaurant/views/default/index.html: -1
[2016-08-30 00:47:54] EDIT Restaurant/views/default/index.html: 1
[2016-08-30 00:48:10] EDIT Restaurant/views/default/index.html: 0
[2016-08-30 00:48:17] EDIT Restaurant/views/default/index.html: -1
[2016-08-30 00:49:02] EDIT Restaurant/views/default/Menu_Item.html: 0
[2016-08-30 00:49:04] EDIT Restaurant/views/default/Menu_Item.html: 0
[2016-08-30 00:49:30] EDIT Restaurant/views/default/Menu_Item.html: 0
[2016-08-30 00:49:30] EDIT Restaurant/views/default/Menu_Item.html: 0
[2016-08-30 00:49:31] EDIT Restaurant/views/default/Menu_Item.html: 0
[2016-08-30 00:50:08] EDIT Restaurant/views/default/index.html: 1
[2016-08-30 00:50:09] EDIT Restaurant/views/default/index.html: 0
[2016-08-30 00:50:10] EDIT Restaurant/views/default/index.html: 0
[2016-08-30 00:52:12] EDIT Restaurant/views/default/index.html: 0
[2016-08-30 00:53:33] EDIT Restaurant/views/default/index.html: 0
[2016-08-30 10:40:18] EDIT Restaurant/controllers/default.py: 0
[2016-08-30 10:40:18] EDIT Restaurant/controllers/default.py: 0
[2016-08-30 10:40:19] EDIT Restaurant/controllers/default.py: 0
[2016-08-30 10:40:19] EDIT Restaurant/controllers/default.py: 0
[2016-08-30 10:40:19] EDIT Restaurant/controllers/default.py: 0
[2016-08-30 10:40:19] EDIT Restaurant/controllers/default.py: 0
[2016-08-30 10:40:19] EDIT Restaurant/controllers/default.py: 0
[2016-08-30 10:40:19] EDIT Restaurant/controllers/default.py: 0
[2016-08-30 10:40:19] EDIT Restaurant/controllers/default.py: 0
[2016-08-30 10:40:19] EDIT Restaurant/controllers/default.py: 0
[2016-08-30 10:40:19] EDIT Restaurant/controllers/default.py: 0
[2016-08-30 10:40:19] EDIT Restaurant/controllers/default.py: 0
[2016-08-30 10:40:20] EDIT Restaurant/controllers/default.py: 0
[2016-08-30 10:41:29] EDIT Restaurant/views/default/register.html: 0
[2016-08-30 10:41:44] EDIT Restaurant/controllers/default.py: 0
[2016-08-30 10:41:54] EDIT Restaurant/controllers/default.py: 0
[2016-08-30 10:41:55] EDIT Restaurant/controllers/default.py: 0
[2016-08-30 10:42:00] EDIT Restaurant/controllers/default.py: 0
[2016-08-30 10:42:11] EDIT Restaurant/views/default/login.html: 0
[2016-08-30 10:42:26] EDIT Restaurant/views/default/register.html: 0
[2016-08-30 10:45:49] EDIT Restaurant/views/default/login.html: 0
[2016-08-30 10:51:55] EDIT Restaurant/views/default/menu.html: 0
[2016-08-30 10:54:03] EDIT Restaurant/views/default/Edit_Item.html: 0
[2016-08-30 10:56:22] EDIT Restaurant/controllers/default.py: 0
[2016-08-30 10:56:23] EDIT Restaurant/controllers/default.py: 0
[2016-08-30 10:56:44] EDIT Restaurant/controllers/default.py: 0
[2016-08-30 10:58:52] EDIT Restaurant/controllers/default.py: 0
[2016-08-30 10:58:53] EDIT Restaurant/controllers/default.py: 0
[2016-08-30 10:58:53] EDIT Restaurant/controllers/default.py: 0
[2016-08-30 10:58:54] EDIT Restaurant/controllers/default.py: 0
[2016-08-30 10:58:54] EDIT Restaurant/controllers/default.py: 0
[2016-08-30 10:58:54] EDIT Restaurant/controllers/default.py: 0
[2016-08-30 10:58:54] EDIT Restaurant/controllers/default.py: 0
[2016-08-30 10:58:54] EDIT Restaurant/controllers/default.py: 0
[2016-08-30 10:58:54] EDIT Restaurant/controllers/default.py: 0
[2016-08-30 10:58:54] EDIT Restaurant/controllers/default.py: 0
[2016-08-30 10:58:54] EDIT Restaurant/controllers/default.py: 0
[2016-08-30 10:58:55] EDIT Restaurant/controllers/default.py: 0
[2016-08-30 10:58:55] EDIT Restaurant/controllers/default.py: 0
[2016-08-30 10:58:55] EDIT Restaurant/controllers/default.py: 0
[2016-08-30 10:58:55] EDIT Restaurant/controllers/default.py: 0
[2016-08-30 10:58:55] EDIT Restaurant/controllers/default.py: 0
[2016-08-30 10:58:55] EDIT Restaurant/controllers/default.py: 0
[2016-08-30 10:58:56] EDIT Restaurant/controllers/default.py: 0
[2016-08-30 10:58:56] EDIT Restaurant/controllers/default.py: 0
[2016-08-30 10:58:56] EDIT Restaurant/controllers/default.py: 0
[2016-08-30 10:58:56] EDIT Restaurant/controllers/default.py: 0
[2016-08-30 10:58:56] EDIT Restaurant/controllers/default.py: 0
[2016-08-30 10:58:56] EDIT Restaurant/controllers/default.py: 0
[2016-08-30 11:00:13] EDIT Restaurant/controllers/default.py: 0
[2016-08-30 11:02:20] EDIT Restaurant/controllers/default.py: 0
[2016-08-30 11:02:21] EDIT Restaurant/controllers/default.py: 0
[2016-08-30 11:06:15] EDIT Restaurant/controllers/default.py: 1
[2016-08-30 11:06:16] EDIT Restaurant/controllers/default.py: 0
[2016-08-30 11:08:38] EDIT Restaurant/controllers/default.py: 0
[2016-08-30 11:16:34] EDIT Restaurant/views/default/Delete_Item.html: 0
[2016-08-30 11:16:35] EDIT Restaurant/views/default/Delete_Item.html: 0
[2016-08-30 17:59:11] EDIT Restaurant/controllers/default.py: 1
[2016-08-30 17:59:12] EDIT Restaurant/controllers/default.py: 0
[2016-08-30 17:59:30] EDIT Restaurant/views/default/Menu_Item.html: 1
[2016-08-30 18:00:51] EDIT Restaurant/views/default/Menu_Item.html: 12
[2016-08-30 18:01:54] EDIT Restaurant/controllers/default.py: 1
[2016-08-30 18:01:56] EDIT Restaurant/controllers/default.py: 0
[2016-08-30 18:02:28] EDIT Restaurant/views/default/Menu_Item.html: 0
[2016-08-30 18:02:29] EDIT Restaurant/views/default/Menu_Item.html: 0
[2016-08-30 18:02:44] EDIT Restaurant/views/default/Menu_Item.html: 0
[2016-08-30 18:02:47] EDIT Restaurant/views/default/Menu_Item.html: 0
[2016-08-30 18:02:47] EDIT Restaurant/views/default/Menu_Item.html: 0
[2016-08-30 18:02:50] EDIT Restaurant/views/default/Menu_Item.html: 0
[2016-08-30 18:03:35] EDIT Restaurant/views/default/Menu_Item.html: 0
[2016-08-30 18:04:57] EDIT Restaurant/views/default/Menu_Item.html: 2
[2016-08-30 18:05:17] EDIT Restaurant/views/default/Menu_Item.html: 0
[2016-08-30 18:05:18] EDIT Restaurant/views/default/Menu_Item.html: 0
[2016-08-30 18:05:30] EDIT Restaurant/views/default/Menu_Item.html: 0
[2016-08-30 18:05:56] EDIT Restaurant/views/default/Menu_Item.html: 0
[2016-08-30 18:05:57] EDIT Restaurant/views/default/Menu_Item.html: 0
[2016-08-30 18:06:45] EDIT Restaurant/views/default/Menu_Item.html: -1
[2016-08-30 18:07:17] EDIT Restaurant/views/default/Menu_Item.html: 1
[2016-08-30 18:07:44] EDIT Restaurant/views/default/Menu_Item.html: -14
[2016-08-30 18:09:31] EDIT Restaurant/views/default/Menu_Item.html: 14
[2016-08-30 18:09:32] EDIT Restaurant/views/default/Menu_Item.html: 0
[2016-08-30 18:10:26] EDIT Restaurant/views/default/Menu_Item.html: -7
[2016-08-30 18:10:49] EDIT Restaurant/views/default/Menu_Item.html: 4
[2016-08-30 18:11:55] EDIT Restaurant/views/default/Menu_Item.html: 5
[2016-08-30 18:12:03] EDIT Restaurant/views/default/Menu_Item.html: 0
[2016-08-30 18:12:03] EDIT Restaurant/views/default/Menu_Item.html: 0
[2016-08-30 18:12:03] EDIT Restaurant/views/default/Menu_Item.html: 0
[2016-08-30 18:12:49] EDIT Restaurant/views/default/Menu_Item.html: 0
[2016-08-30 18:12:50] EDIT Restaurant/views/default/Menu_Item.html: 0
[2016-08-30 18:12:54] EDIT Restaurant/views/default/Menu_Item.html: 0
[2016-08-30 18:13:36] EDIT Restaurant/views/default/Menu_Item.html: 0
[2016-08-30 18:14:12] EDIT Restaurant/views/default/Menu_Item.html: -3
[2016-08-30 18:14:39] EDIT Restaurant/views/default/Menu_Item.html: 1
[2016-08-30 18:15:11] EDIT Restaurant/views/default/Menu_Item.html: 0
[2016-08-30 18:15:12] EDIT Restaurant/views/default/Menu_Item.html: 0
[2016-08-30 18:15:38] EDIT Restaurant/views/default/Menu_Item.html: 0
[2016-08-30 18:16:24] EDIT Restaurant/views/default/Menu_Item.html: 1
[2016-08-30 18:16:35] EDIT Restaurant/views/default/Menu_Item.html: 0
[2016-08-30 18:16:53] EDIT Restaurant/views/default/Menu_Item.html: 0
[2016-08-30 18:17:36] EDIT Restaurant/views/default/Menu_Item.html: 1
[2016-08-30 18:17:37] EDIT Restaurant/views/default/Menu_Item.html: 0
[2016-08-30 18:17:37] EDIT Restaurant/views/default/Menu_Item.html: 0
[2016-08-30 18:18:32] EDIT Restaurant/views/default/Menu_Item.html: 0
[2016-08-30 18:23:36] EDIT Restaurant/views/default/Menu_Item.html: 0
[2016-08-30 18:23:37] EDIT Restaurant/views/default/Menu_Item.html: 0
[2016-08-30 18:24:51] EDIT Restaurant/views/default/Menu_Item.html: 0
[2016-08-30 18:24:51] EDIT Restaurant/views/default/Menu_Item.html: 0
[2016-08-30 18:25:28] EDIT Restaurant/views/default/Menu_Item.html: 1
[2016-08-30 18:25:28] EDIT Restaurant/views/default/Menu_Item.html: 0
[2016-08-30 18:30:32] EDIT Restaurant/views/default/index.html: 3
[2016-08-30 18:30:45] EDIT Restaurant/views/default/index.html: 0
[2016-08-30 18:30:45] EDIT Restaurant/views/default/index.html: 0
[2016-08-30 18:31:04] EDIT Restaurant/views/default/index.html: 0
[2016-08-30 18:32:32] EDIT Restaurant/views/default/index.html: 1
[2016-08-30 18:32:46] EDIT Restaurant/views/default/index.html: 0
[2016-08-30 18:34:31] EDIT Restaurant/views/default/Menu_Item.html: 5
[2016-08-30 18:34:33] EDIT Restaurant/views/default/Menu_Item.html: 0
[2016-08-30 18:40:59] EDIT Restaurant/views/default/index.html: 0
[2016-08-30 18:41:00] EDIT Restaurant/views/default/index.html: 0
[2016-08-30 18:41:00] EDIT Restaurant/views/default/index.html: 0
[2016-08-30 18:47:51] EDIT Restaurant/views/default/Add_Item.html: 1
[2016-08-30 18:47:52] EDIT Restaurant/views/default/Add_Item.html: 0
[2016-08-30 18:47:52] EDIT Restaurant/views/default/Add_Item.html: 0
[2016-08-30 18:47:55] EDIT Restaurant/views/default/Add_Item.html: 0
[2016-08-30 18:49:05] EDIT Restaurant/views/default/Edit_Item.html: 0
[2016-08-30 18:49:06] EDIT Restaurant/views/default/Edit_Item.html: 0
[2016-08-30 18:52:08] EDIT Restaurant/views/default/Menu_Item.html: 0
[2016-08-30 18:52:42] EDIT Restaurant/views/default/Menu_Item.html: 0
[2016-08-30 18:52:53] EDIT Restaurant/views/default/Add_Item.html: 0
[2016-08-30 18:52:56] EDIT Restaurant/views/default/Add_Item.html: 0
[2016-08-30 18:53:05] EDIT Restaurant/views/default/Edit_Item.html: 0
[2016-08-30 18:53:12] EDIT Restaurant/views/default/Edit_Item.html: 0
[2016-08-30 18:53:30] EDIT Restaurant/views/default/Delete_Item.html: 0
[2016-08-30 18:53:38] EDIT Restaurant/views/default/Delete_Item.html: 0
[2016-08-30 18:54:47] EDIT Restaurant/views/default/Delete_Item.html: 0
[2016-08-30 18:55:08] EDIT Restaurant/views/default/Add_Item.html: 0
[2016-08-30 18:55:17] EDIT Restaurant/views/default/Edit_Item.html: -6
[2016-08-30 18:55:21] EDIT Restaurant/views/default/Edit_Item.html: 6
[2016-08-30 18:55:36] EDIT Restaurant/views/default/Delete_Item.html: 0
[2016-08-30 18:55:42] EDIT Restaurant/views/default/Delete_Item.html: 0
[2016-08-30 18:55:43] EDIT Restaurant/views/default/Delete_Item.html: 0
[2016-08-30 18:56:22] EDIT Restaurant/views/default/Delete_Item.html: 0
[2016-08-30 19:01:06] EDIT Restaurant/views/default/Edit_Item.html: 0
[2016-08-30 22:02:34] EDIT Restaurant/controllers/default.py: 0
[2016-09-01 23:36:59] EDIT Restaurant/controllers/default.py: 0
[2016-09-01 23:38:51] EDIT Restaurant/views/default/index.html: 4
[2016-09-01 23:38:51] EDIT Restaurant/views/default/index.html: 0
[2016-09-01 23:38:52] EDIT Restaurant/views/default/index.html: 0
[2016-09-01 23:39:00] EDIT Restaurant/views/default/index.html: 0
[2016-09-01 23:39:01] EDIT Restaurant/views/default/index.html: 0
[2016-09-01 23:39:08] EDIT Restaurant/views/default/index.html: 0
[2016-09-01 23:39:23] EDIT Restaurant/views/default/index.html: 0
[2016-09-01 23:39:24] EDIT Restaurant/views/default/index.html: 0
[2016-09-01 23:39:24] EDIT Restaurant/views/default/index.html: 0
[2016-09-01 23:39:24] EDIT Restaurant/views/default/index.html: 0
[2016-09-01 23:39:25] EDIT Restaurant/views/default/index.html: 0
[2016-09-01 23:39:27] EDIT Restaurant/views/default/index.html: 0
[2016-09-01 23:39:28] EDIT Restaurant/views/default/index.html: 0
[2016-09-01 23:39:28] EDIT Restaurant/views/default/index.html: 0
[2016-09-01 23:39:53] EDIT Restaurant/views/default/index.html: 0
[2016-09-01 23:43:51] CREATE default/deregister.html: 0
[2016-09-01 23:43:59] EDIT Restaurant/views/default/deregister.html: -2
[2016-09-01 23:45:09] EDIT Restaurant/views/default/deregister.html: 5
[2016-09-01 23:45:39] EDIT Restaurant/views/default/deregister.html: 1
[2016-09-01 23:45:41] EDIT Restaurant/views/default/deregister.html: 0
[2016-09-01 23:45:45] EDIT Restaurant/views/default/deregister.html: 0
[2016-09-01 23:46:42] EDIT Restaurant/controllers/default.py: 5
[2016-09-01 23:46:42] EDIT Restaurant/controllers/default.py: 0
[2016-09-01 23:48:05] EDIT Restaurant/views/default/Add_Item.html: 0
[2016-09-01 23:50:36] EDIT Restaurant/controllers/default.py: 2
[2016-09-01 23:50:46] EDIT Restaurant/controllers/default.py: 0
[2016-09-01 23:51:27] EDIT Restaurant/controllers/default.py: 0
[2016-09-01 23:51:28] EDIT Restaurant/controllers/default.py: 0
[2016-09-01 23:51:29] EDIT Restaurant/controllers/default.py: 0
[2016-09-01 23:51:29] EDIT Restaurant/controllers/default.py: 0
[2016-09-01 23:54:37] EDIT Restaurant/views/default/deregister.html: 0
[2016-09-02 00:00:50] EDIT Restaurant/controllers/default.py: 0
[2016-09-02 00:09:32] EDIT Restaurant/controllers/default.py: 21
[2016-09-02 00:09:32] EDIT Restaurant/controllers/default.py: 0
[2016-09-02 00:09:33] EDIT Restaurant/controllers/default.py: 0
[2016-09-02 00:09:33] EDIT Restaurant/controllers/default.py: 0
[2016-09-02 00:11:12] EDIT Restaurant/controllers/default.py: -13
[2016-09-02 00:11:16] EDIT Restaurant/controllers/default.py: 0
[2016-09-02 00:11:17] EDIT Restaurant/controllers/default.py: 0
[2016-09-02 00:11:18] EDIT Restaurant/controllers/default.py: 0
[2016-09-02 00:12:32] EDIT Restaurant/controllers/default.py: 0
[2016-09-02 00:13:39] EDIT Restaurant/controllers/default.py: 0
[2016-09-02 00:13:39] EDIT Restaurant/controllers/default.py: 0
[2016-09-02 00:13:43] EDIT Restaurant/controllers/default.py: 0
[2016-09-02 00:14:04] EDIT Restaurant/controllers/default.py: 0
[2016-09-02 00:14:28] EDIT Restaurant/controllers/default.py: 0
[2016-09-02 00:15:48] EDIT Restaurant/controllers/default.py: 0
[2016-09-02 00:17:14] EDIT Restaurant/controllers/default.py: 0
[2016-09-02 00:17:15] EDIT Restaurant/controllers/default.py: 0
[2016-09-02 00:17:15] EDIT Restaurant/controllers/default.py: 0
[2016-09-02 00:18:01] EDIT Restaurant/controllers/default.py: 0
[2016-09-02 00:19:57] EDIT Restaurant/controllers/default.py: 0
[2016-09-02 00:21:14] EDIT Restaurant/controllers/default.py: 0
[2016-09-02 00:21:16] EDIT Restaurant/controllers/default.py: 0
[2016-09-02 00:21:16] EDIT Restaurant/controllers/default.py: 0
[2016-09-02 00:22:11] EDIT Restaurant/controllers/default.py: 6
[2016-09-02 00:22:57] EDIT Restaurant/controllers/default.py: -1
[2016-09-02 00:23:16] EDIT Restaurant/controllers/default.py: 1
[2016-09-02 00:23:23] EDIT Restaurant/controllers/default.py: 0
[2016-09-02 00:24:28] EDIT Restaurant/controllers/default.py: 2
[2016-09-02 00:24:30] EDIT Restaurant/controllers/default.py: 0
[2016-09-02 00:24:50] EDIT Restaurant/controllers/default.py: 1
[2016-09-02 00:25:01] EDIT Restaurant/controllers/default.py: 0
[2016-09-02 00:25:01] EDIT Restaurant/controllers/default.py: 0
[2016-09-02 00:25:02] EDIT Restaurant/controllers/default.py: 0
[2016-09-02 00:25:10] EDIT Restaurant/controllers/default.py: 0
[2016-09-02 00:26:03] EDIT Restaurant/controllers/default.py: 1
[2016-09-02 00:26:06] EDIT Restaurant/controllers/default.py: 0
[2016-09-02 00:28:48] EDIT Restaurant/views/default/login.html: 5
[2016-09-02 00:28:56] EDIT Restaurant/views/default/login.html: 0
[2016-09-02 00:28:57] EDIT Restaurant/views/default/login.html: 0
[2016-09-02 00:29:28] EDIT Restaurant/views/default/register.html: 0
[2016-09-02 00:29:50] EDIT Restaurant/views/default/register.html: 0
[2016-09-02 00:30:10] EDIT Restaurant/views/default/register.html: 0
[2016-09-02 00:30:13] EDIT Restaurant/views/default/register.html: 0
[2016-09-02 00:31:05] EDIT Restaurant/views/default/register.html: 5
[2016-09-02 00:31:26] EDIT Restaurant/views/default/register.html: 0
[2016-09-02 00:31:32] EDIT Restaurant/views/default/register.html: 0
[2016-09-02 00:32:10] EDIT Restaurant/views/default/register.html: -5
[2016-09-02 00:32:20] EDIT Restaurant/views/default/register.html: 5
[2016-09-02 00:32:29] EDIT Restaurant/views/default/register.html: 0
[2016-09-02 00:32:30] EDIT Restaurant/views/default/register.html: 0
[2016-09-02 00:33:35] EDIT Restaurant/views/default/deregister.html: 5
[2016-09-02 00:33:36] EDIT Restaurant/views/default/deregister.html: 0
[2016-09-02 00:34:25] EDIT Restaurant/views/default/register.html: 0
[2016-09-02 00:34:50] EDIT Restaurant/views/default/register.html: 1
[2016-09-02 00:35:24] EDIT Restaurant/views/default/register.html: 0
[2016-09-02 15:34:58] EDIT Restaurant/controllers/default.py: 2
[2016-09-02 15:35:00] EDIT Restaurant/controllers/default.py: 0
[2016-09-02 15:36:37] EDIT Restaurant/controllers/default.py: 0
[2016-09-02 15:36:42] EDIT Restaurant/controllers/default.py: 0
[2016-09-02 15:41:01] EDIT Restaurant/controllers/default.py: 0
[2016-09-02 15:41:01] EDIT Restaurant/controllers/default.py: 0
[2016-09-02 15:41:02] EDIT Restaurant/controllers/default.py: 0
[2016-09-02 15:41:03] EDIT Restaurant/controllers/default.py: 0
[2016-09-02 15:41:58] EDIT Restaurant/controllers/default.py: 0
[2016-09-02 15:42:04] EDIT Restaurant/controllers/default.py: 0
[2016-09-02 15:42:32] EDIT Restaurant/controllers/default.py: 2
[2016-09-02 15:44:53] EDIT Restaurant/controllers/default.py: 0
[2016-09-02 15:45:24] EDIT Restaurant/controllers/default.py: 0
[2016-09-02 15:45:29] EDIT Restaurant/controllers/default.py: 0
[2016-09-02 15:46:02] EDIT Restaurant/controllers/default.py: 0
[2016-09-02 15:46:12] EDIT Restaurant/controllers/default.py: 0
[2016-09-02 15:46:13] EDIT Restaurant/controllers/default.py: 0
[2016-09-02 15:46:14] EDIT Restaurant/controllers/default.py: 0
[2016-09-02 15:59:01] EDIT Restaurant/controllers/default.py: 0
[2016-09-02 15:59:01] EDIT Restaurant/controllers/default.py: 0
[2016-09-02 15:59:38] EDIT Restaurant/controllers/default.py: 0
[2016-09-02 16:01:17] EDIT Restaurant/controllers/default.py: 0
[2016-09-02 16:01:18] EDIT Restaurant/controllers/default.py: 0
[2016-09-02 16:01:18] EDIT Restaurant/controllers/default.py: 0
[2016-09-02 16:03:57] EDIT Restaurant/controllers/default.py: 0
[2016-09-02 16:18:57] EDIT Restaurant/controllers/default.py: 0
[2016-09-02 16:19:00] EDIT Restaurant/controllers/default.py: 0
[2016-09-02 16:46:10] EDIT Restaurant/views/default/deregister.html: 1
[2016-09-02 16:47:57] EDIT Restaurant/controllers/default.py: 0
[2016-09-02 16:49:09] EDIT Restaurant/controllers/default.py: 1
[2016-09-02 17:03:13] EDIT Restaurant/controllers/default.py: 2
[2016-09-02 17:03:21] EDIT Restaurant/controllers/default.py: 1
[2016-09-02 17:03:32] EDIT Restaurant/controllers/default.py: 0
[2016-09-02 17:03:56] EDIT Restaurant/controllers/default.py: 0
[2016-09-02 17:04:08] EDIT Restaurant/controllers/default.py: 0
[2016-09-02 17:05:03] EDIT Restaurant/controllers/default.py: 0
[2016-09-02 17:08:09] EDIT Restaurant/controllers/default.py: 0
[2016-09-02 17:08:17] EDIT Restaurant/controllers/default.py: 0
[2016-09-02 17:09:42] EDIT Restaurant/controllers/default.py: 0
[2016-09-02 17:10:00] EDIT Restaurant/controllers/default.py: 0
[2016-09-02 17:43:59] EDIT Restaurant/views/default/index.html: 0
[2016-09-02 17:51:09] EDIT Restaurant/controllers/default.py: 1
[2016-09-02 17:53:18] EDIT Restaurant/controllers/default.py: 0
[2016-09-02 18:45:09] EDIT Restaurant/controllers/default.py: 0
[2016-09-02 18:45:09] EDIT Restaurant/controllers/default.py: 0
[2016-09-02 18:45:20] EDIT Restaurant/controllers/default.py: 0
[2016-09-02 18:45:38] EDIT Restaurant/controllers/default.py: -1
[2016-09-02 18:45:39] EDIT Restaurant/controllers/default.py: 0
[2016-09-02 18:50:40] EDIT Restaurant/views/default/index.html: -1
[2016-09-02 18:50:48] EDIT Restaurant/views/default/index.html: 0
[2016-09-02 18:50:57] EDIT Restaurant/views/default/index.html: 0
[2016-09-02 18:51:00] EDIT Restaurant/views/default/index.html: 0
[2016-09-02 18:51:34] CREATE default/SelectByTime.html: 0
[2016-09-02 18:51:41] EDIT Restaurant/views/default/SelectByTime.html: -2
[2016-09-02 18:52:07] EDIT Restaurant/controllers/default.py: 0
[2016-09-02 18:52:08] EDIT Restaurant/controllers/default.py: 0
[2016-09-02 18:52:08] EDIT Restaurant/controllers/default.py: 0
[2016-09-02 18:52:09] EDIT Restaurant/controllers/default.py: 0
[2016-09-02 18:52:15] EDIT Restaurant/controllers/default.py: 0
[2016-09-02 18:52:15] EDIT Restaurant/controllers/default.py: 0
[2016-09-02 18:52:33] EDIT Restaurant/views/default/SelectByTime.html: 0
[2016-09-02 18:52:34] EDIT Restaurant/views/default/SelectByTime.html: 0
[2016-09-02 18:54:38] EDIT Restaurant/controllers/default.py: 2
[2016-09-02 18:54:51] EDIT Restaurant/controllers/default.py: 0
[2016-09-02 18:55:25] EDIT Restaurant/controllers/default.py: 1
[2016-09-02 18:58:35] EDIT Restaurant/controllers/default.py: 2
[2016-09-02 19:02:00] EDIT Restaurant/controllers/default.py: 0
[2016-09-02 19:02:11] EDIT Restaurant/controllers/default.py: 1
[2016-09-02 19:03:05] EDIT Restaurant/views/default/SelectByTime.html: 2
[2016-09-02 19:03:11] EDIT Restaurant/views/default/SelectByTime.html: 0
[2016-09-02 19:03:14] EDIT Restaurant/views/default/SelectByTime.html: 0
[2016-09-02 19:03:40] EDIT Restaurant/views/default/SelectByTime.html: 1
[2016-09-02 19:03:41] EDIT Restaurant/views/default/SelectByTime.html: 0
[2016-09-02 19:05:52] EDIT Restaurant/controllers/default.py: 0
[2016-09-02 19:07:53] EDIT Restaurant/controllers/default.py: 0
[2016-09-02 19:07:54] EDIT Restaurant/controllers/default.py: 0
[2016-09-02 19:07:56] EDIT Restaurant/controllers/default.py: 0
[2016-09-02 19:07:57] EDIT Restaurant/controllers/default.py: 0
[2016-09-02 19:08:36] EDIT Restaurant/views/default/SelectByTime.html: 1
[2016-09-02 19:10:03] EDIT Restaurant/views/default/SelectByTime.html: 0
[2016-09-02 19:10:04] EDIT Restaurant/views/default/SelectByTime.html: 0
[2016-09-02 19:10:05] EDIT Restaurant/views/default/SelectByTime.html: 0
[2016-09-02 19:10:08] EDIT Restaurant/views/default/SelectByTime.html: 0
[2016-09-02 19:10:09] EDIT Restaurant/views/default/SelectByTime.html: 0
[2016-09-02 19:10:21] EDIT Restaurant/views/default/SelectByTime.html: 0
[2016-09-02 19:17:09] EDIT Restaurant/views/default/SelectByTime.html: 3
[2016-09-02 19:17:09] EDIT Restaurant/views/default/SelectByTime.html: 0
[2016-09-02 19:17:10] EDIT Restaurant/views/default/SelectByTime.html: 0
[2016-09-02 19:17:30] EDIT Restaurant/views/default/SelectByTime.html: 0
[2016-09-02 19:18:02] EDIT Restaurant/views/default/SelectByTime.html: 1
[2016-09-02 19:18:20] EDIT Restaurant/views/default/SelectByTime.html: 5
[2016-09-02 19:18:24] EDIT Restaurant/views/default/SelectByTime.html: 0
[2016-09-02 19:19:37] EDIT Restaurant/views/default/SelectByTime.html: 3
[2016-09-02 19:20:17] EDIT Restaurant/views/default/SelectByTime.html: 0
[2016-09-02 19:20:20] EDIT Restaurant/views/default/SelectByTime.html: 1
[2016-09-02 19:20:53] EDIT Restaurant/views/default/SelectByTime.html: 1
[2016-09-02 19:21:42] EDIT Restaurant/views/default/index.html: -1
[2016-09-02 19:21:53] EDIT Restaurant/views/default/index.html: 0
[2016-09-02 19:21:54] EDIT Restaurant/views/default/index.html: 0
[2016-09-02 19:22:15] EDIT Restaurant/views/default/index.html: 0
[2016-09-02 19:22:35] EDIT Restaurant/views/default/index.html: 1
[2016-09-02 19:23:54] EDIT Restaurant/views/default/index.html: -1
[2016-09-02 19:23:54] EDIT Restaurant/views/default/index.html: 0
[2016-09-02 19:23:55] EDIT Restaurant/views/default/index.html: 0
[2016-09-02 19:24:24] EDIT Restaurant/views/default/index.html: 1
[2016-09-02 19:24:29] EDIT Restaurant/views/default/index.html: -1
[2016-09-02 19:24:35] EDIT Restaurant/views/default/index.html: 1
[2016-09-02 19:25:18] EDIT Restaurant/views/default/SelectByTime.html: 0
[2016-09-02 19:25:22] EDIT Restaurant/controllers/default.py: 0
[2016-09-02 19:26:23] EDIT Restaurant/views/default/Menu_Item.html: 0
[2016-09-02 19:32:31] EDIT Restaurant/views/default/Menu_Item.html: 0
[2016-09-02 19:32:32] EDIT Restaurant/views/default/Menu_Item.html: 0
[2016-09-02 19:33:15] EDIT Restaurant/views/default/Menu_Item.html: 0
[2016-09-02 19:33:58] EDIT Restaurant/views/default/Menu_Item.html: 0
[2016-09-02 19:33:59] EDIT Restaurant/views/default/Menu_Item.html: 0
[2016-09-02 21:35:24] EDIT Restaurant/views/default/deregister.html: 0
[2016-09-02 21:39:36] EDIT Restaurant/controllers/default.py: 0
[2016-09-02 21:48:06] EDIT Restaurant/controllers/default.py: 3
[2016-09-02 21:48:22] EDIT Restaurant/controllers/default.py: 0
[2016-09-02 21:48:26] EDIT Restaurant/controllers/default.py: 0
[2016-09-02 21:54:41] EDIT Restaurant/views/default/index.html: 0
[2016-09-02 21:56:28] EDIT Restaurant/views/default/Menu_Item.html: 5
[2016-09-02 21:56:53] EDIT Restaurant/views/default/index.html: 0
[2016-09-02 21:56:53] EDIT Restaurant/views/default/index.html: 0
[2016-09-02 21:58:38] EDIT Restaurant/views/default/index.html: 1
[2016-09-02 21:59:15] EDIT Restaurant/views/default/index.html: 0
[2016-09-02 21:59:17] EDIT Restaurant/views/default/index.html: 0
[2016-09-02 21:59:42] EDIT Restaurant/views/default/index.html: -1
[2016-09-02 21:59:43] EDIT Restaurant/views/default/index.html: 0
[2016-09-02 21:59:44] EDIT Restaurant/views/default/index.html: 0
[2016-09-02 21:59:45] EDIT Restaurant/views/default/index.html: 0
[2016-09-02 22:02:32] EDIT Restaurant/views/default/index.html: 0
[2016-09-02 22:08:32] EDIT Restaurant/controllers/default.py: 1
[2016-09-02 22:11:27] EDIT Restaurant/views/default/index.html: 0
[2016-09-02 22:12:37] EDIT Restaurant/views/default/index.html: 0
[2016-09-02 22:12:49] EDIT Restaurant/views/default/index.html: 0
[2016-09-02 22:13:43] EDIT Restaurant/views/default/index.html: 1
[2016-09-02 22:13:58] EDIT Restaurant/views/default/index.html: 0
[2016-09-02 22:14:10] EDIT Restaurant/views/default/index.html: 0
[2016-09-02 22:14:58] EDIT Restaurant/views/default/index.html: 0
[2016-09-02 22:15:36] EDIT Restaurant/views/default/index.html: 0
[2016-09-02 22:16:02] EDIT Restaurant/views/default/index.html: 0
[2016-09-02 22:17:21] EDIT Restaurant/views/default/index.html: 0
[2016-09-02 22:18:55] EDIT Restaurant/views/default/index.html: 0
[2016-09-02 23:41:40] EDIT Restaurant/controllers/default.py: 0
[2016-09-02 23:41:40] EDIT Restaurant/controllers/default.py: 0
[2016-09-02 23:41:40] EDIT Restaurant/controllers/default.py: 0
[2016-09-02 23:41:40] EDIT Restaurant/controllers/default.py: 0
[2016-09-02 23:41:40] EDIT Restaurant/controllers/default.py: 0
[2016-09-02 23:41:40] EDIT Restaurant/controllers/default.py: 0
[2016-09-02 23:41:41] EDIT Restaurant/controllers/default.py: 0
[2016-09-02 23:41:41] EDIT Restaurant/controllers/default.py: 0
[2016-09-02 23:41:42] EDIT Restaurant/controllers/default.py: 0
[2016-09-02 23:41:42] EDIT Restaurant/controllers/default.py: 0
[2016-09-03 00:06:53] EDIT Restaurant/controllers/default.py: 0
[2016-09-03 00:06:55] EDIT Restaurant/controllers/default.py: 0
[2016-09-03 00:06:55] EDIT Restaurant/controllers/default.py: 0
[2016-09-03 00:06:56] EDIT Restaurant/controllers/default.py: 0
[2016-09-03 00:06:57] EDIT Restaurant/controllers/default.py: 0
[2016-09-03 00:07:19] EDIT Restaurant/controllers/default.py: 0
[2016-09-03 00:07:20] EDIT Restaurant/controllers/default.py: 0
[2016-09-03 00:07:32] EDIT Restaurant/controllers/default.py: 0
[2016-09-03 00:08:03] EDIT Restaurant/controllers/default.py: 0
[2016-09-03 00:08:05] EDIT Restaurant/controllers/default.py: 0
[2016-09-03 00:08:06] EDIT Restaurant/controllers/default.py: 0
[2016-09-03 00:08:21] EDIT Restaurant/controllers/default.py: 0
[2016-09-03 00:08:32] EDIT Restaurant/controllers/default.py: 0
[2016-09-03 00:11:41] EDIT Restaurant/controllers/default.py: 0
[2016-09-03 00:11:42] EDIT Restaurant/controllers/default.py: 0
[2016-10-30 17:26:02] EDIT Restaurant/controllers/default.py: 0
[2016-10-30 17:26:03] EDIT Restaurant/controllers/default.py: 0
[2016-10-30 17:58:08] EDIT Restaurant/controllers/default.py: 0
[2016-10-30 17:58:08] EDIT Restaurant/controllers/default.py: 0
[2016-10-30 17:58:09] EDIT Restaurant/controllers/default.py: 0
[2016-10-30 18:05:56] EDIT Restaurant/controllers/default.py: 0
[2016-10-30 18:05:56] EDIT Restaurant/controllers/default.py: 0
[2016-10-30 18:05:57] EDIT Restaurant/controllers/default.py: 0
[2016-10-30 18:06:35] EDIT Restaurant/views/default/Menu_Item.html: 0
[2016-10-30 18:06:35] EDIT Restaurant/views/default/Menu_Item.html: 0
[2016-10-30 18:06:36] EDIT Restaurant/views/default/Menu_Item.html: 0
[2016-10-30 18:16:20] EDIT Restaurant/views/default/Menu_Item.html: 0
[2016-10-30 18:16:21] EDIT Restaurant/views/default/Menu_Item.html: 0
